<?xml version="1.0" encoding="UTF-8"?>
<robot generator="Robot 7.0 (Python 3.11.5 on win32)" generated="2024-02-06T09:23:41.323765" rpa="false" schemaversion="5">
<suite id="s1" name="Tests" source="C:\Users\orlan\Documents\Projects\Automation\Selenium\python_selenium_cucumber\tests">
<suite id="s1-s1" name="Login" source="C:\Users\orlan\Documents\Projects\Automation\Selenium\python_selenium_cucumber\tests\login.robot">
<test id="s1-s1-t1" name="Scenario: Validate successful login to Sauce Lab demo app" line="15">
<kw name="Given I navigate to SauceLab demo page" owner="common_steps">
<msg time="2024-02-06T09:23:52.333758" level="INFO">OS:  nt
Browser:  firefox</msg>
<arg>${browser}</arg>
<status status="PASS" start="2024-02-06T09:23:41.448032" elapsed="10.886721"/>
</kw>
<kw name="When I type the credentials" owner="login_steps">
<msg time="2024-02-06T09:23:52.559326" level="INFO">Browser:  &lt;function get_browser at 0x000002AB7934CD60&gt;</msg>
<arg>${user_name}</arg>
<arg>${password}</arg>
<status status="PASS" start="2024-02-06T09:23:52.335757" elapsed="0.223569"/>
</kw>
<kw name="And click the login button" owner="login_steps">
<status status="PASS" start="2024-02-06T09:23:52.559326" elapsed="0.346970"/>
</kw>
<kw name="Then verify that the user successfully logged in" owner="login_steps">
<status status="PASS" start="2024-02-06T09:23:52.907296" elapsed="0.072584"/>
</kw>
<tag>Login</tag>
<status status="PASS" start="2024-02-06T09:23:41.447016" elapsed="11.532864"/>
</test>
<kw name="Close browser session" owner="common_steps" type="TEARDOWN">
<status status="PASS" start="2024-02-06T09:23:52.981402" elapsed="3.187448"/>
</kw>
<doc>This test suite contains app tests for the login page</doc>
<status status="PASS" start="2024-02-06T09:23:41.342090" elapsed="14.827847"/>
</suite>
<status status="PASS" start="2024-02-06T09:23:41.324776" elapsed="14.848102"/>
</suite>
<statistics>
<total>
<stat pass="1" fail="0" skip="0">All Tests</stat>
</total>
<tag>
<stat pass="1" fail="0" skip="0">Login</stat>
</tag>
<suite>
<stat pass="1" fail="0" skip="0" id="s1" name="Tests">Tests</stat>
<stat pass="1" fail="0" skip="0" id="s1-s1" name="Login">Tests.Login</stat>
</suite>
</statistics>
<errors>
</errors>
</robot>
